{"level":"info","message":"Admin joshi logged in from IP ::1.","timestamp":"2023-11-25T10:57:51.202Z"}
{"level":"info","message":"Admin joshi logged in from IP ::1.","timestamp":"2023-11-25T11:00:24.625Z"}
{"level":"info","message":"Admin joshi logged in from IP ::1.","timestamp":"2023-11-25T11:05:12.267Z"}
{"level":"info","message":"Admin joshi logged in from IP ::1.","timestamp":"2023-11-25T11:18:04.135Z"}
{"level":"info","message":"Admin joshi logged in from IP ::1.","timestamp":"2023-11-27T12:27:58.475Z"}
{"level":"info","message":"Admin joshi logged in from IP ::1.","timestamp":"2023-11-27T12:40:33.070Z"}
{"level":"info","message":"Admin joshi logged in from IP ::1.","timestamp":"2023-11-27T12:41:57.616Z"}
{"level":"info","message":"Admin joshi logged in from IP ::1.","timestamp":"2023-11-27T12:47:44.723Z"}
{"level":"info","message":"Admin joshi logged in from IP ::1.","timestamp":"2023-11-27T12:48:26.743Z"}
{"level":"info","message":"Admin joshi logged in from IP ::1.","timestamp":"2023-11-27T13:00:07.569Z"}
{"level":"info","message":"Admin joshi logged in.","timestamp":"2023-11-27T13:08:20.132Z"}
{"level":"info","message":"Admin joshi logged in.","timestamp":"2023-11-27T13:08:46.339Z"}
{"level":"info","message":"Admin joshi logged in. Timestamp:undefined ","timestamp":"2023-11-27T13:14:37.366Z"}
{"level":"info","message":"Admin joshi logged in. Timestamp:undefined ","timestamp":"2023-11-27T13:16:32.631Z"}
{"level":"info","message":"Admin joshi logged in. Timestamp:undefined ","timestamp":"2023-11-27T13:17:05.885Z"}
{"level":"info","message":"Admin joshi logged in. Timestamp:undefined ","timestamp":"2023-11-27T13:17:13.110Z"}
{"level":"info","message":"Admin joshi logged in. Timestamp:function timeStamp() { [native code] }","timestamp":"2023-11-27T13:18:08.293Z"}
{"level":"info","message":"Admin joshi logged in. Timestamp:function timeStamp() { [native code] }","timestamp":"2023-11-27T13:18:21.848Z"}
{"level":"info","message":"Admin joshi logged in.","timestamp":"2023-11-27T13:19:49.788Z"}
{"level":"info","message":"Admin joshi logged in.","timestamp":"2023-11-27T13:20:41.178Z"}
{"level":"info","message":"Admin joshi logged in.","timestamp":"2023-11-27T13:21:48.398Z"}
{"level":"info","message":"Admin joshi logged in.","timestamp":"2023-11-27T13:22:43.756Z"}
{"level":"info","message":"Admin joshi logged in.","timestamp":"2023-11-27T13:24:23.127Z"}
{"level":"info","message":"Admin joshi logged in.","timestamp":"2023-11-28T09:45:18.161Z"}
{"level":"info","message":"Admin joshi logged in.","timestamp":"2023-11-28T10:25:35.163Z"}
{"level":"info","message":"Admin joshi logged in.","timestamp":"2023-11-30T17:08:25.249Z"}
{"level":"info","message":"Admin joshi logged in.","timestamp":"2023-12-04T15:06:50.740Z"}
{"level":"info","message":"Admin joshi logged in.","timestamp":"2023-12-04T15:12:10.386Z"}
{"level":"info","message":"Admin joshi logged in.","timestamp":"2023-12-04T15:25:44.220Z"}
{"level":"info","message":"Admin joshi logged in.","timestamp":"2023-12-05T10:03:51.577Z"}
{"level":"info","message":"Admin joshi logged in.","timestamp":"2023-12-05T10:10:25.656Z"}
{"level":"info","message":"Admin joshi logged in.","timestamp":"2023-12-05T10:11:19.669Z"}
{"level":"info","message":"Admin joshi logged in.","timestamp":"2023-12-05T21:56:11.287Z"}
{"level":"info","message":"Admin joshi logged in.","timestamp":"2023-12-05T22:08:37.429Z"}
{"level":"info","message":"Admin joshi logged in.","timestamp":"2023-12-05T22:13:35.838Z"}
{"level":"info","message":"Admin joshi logged in.","timestamp":"2023-12-05T22:34:16.097Z"}
{"level":"info","message":"Admin joshi logged in.","timestamp":"2023-12-05T23:01:35.358Z"}
{"level":"info","message":"Admin joshi logged in.","timestamp":"2023-12-05T23:05:01.288Z"}
{"level":"info","message":"Admin joshi logged in.","timestamp":"2023-12-05T23:09:41.935Z"}
{"level":"info","message":"Admin joshi logged in.","timestamp":"2023-12-06T12:09:54.336Z"}
{"level":"info","message":"Admin joshi logged in.","timestamp":"2023-12-06T12:10:18.337Z"}
{"level":"info","message":"Admin joshi logged in.","timestamp":"2023-12-06T12:10:51.813Z"}
{"level":"info","message":"Admin joshi logged in.","timestamp":"2023-12-06T12:48:27.935Z"}
{"level":"info","message":"Admin joshi logged in.","timestamp":"2023-12-06T13:09:18.015Z"}
{"level":"info","message":"Admin joshi logged in.","timestamp":"2023-12-06T18:11:47.708Z"}
{"level":"info","message":"Admin joshi logged in.","timestamp":"2023-12-06T23:01:23.536Z"}
{"level":"info","message":"Admin joshi logged in.","timestamp":"2023-12-06T23:01:36.450Z"}
{"level":"info","message":"Admin joshi logged in.","timestamp":"2023-12-07T11:18:24.086Z"}
{"level":"info","message":"Admin joshi logged in.","timestamp":"2023-12-11T11:27:02.527Z"}
{"level":"info","message":"Admin joshi logged in."}
{"level":"info","message":"Admin joshi logged in."}
{"level":"info","message":"Admin joshi logged in.","timestamp":"2023-12-11T11:32:27.247Z"}
{"level":"info","message":"This is an informational message with timestamp and JSON format","timestamp":"2023-12-11T11:40:01.890Z"}
{"level":"warn","message":"This is a warning message with timestamp and JSON format","timestamp":"2023-12-11T11:40:01.902Z"}
{"level":"error","message":"This is an error message with timestamp and JSON format","timestamp":"2023-12-11T11:40:01.902Z"}
{"level":"info","message":"Admin joshi logged in.","timestamp":"2023-12-13T11:45:24.419Z"}
{"level":"info","message":"Admin joshi logged in.","timestamp":"2023-12-13T11:59:06.224Z"}
{"level":"info","message":"Admin joshi logged in.","timestamp":"2023-12-13T12:33:44.900Z"}
{"level":"info","message":"Admin joshi logged in.","timestamp":"2023-12-13T13:28:36.836Z"}
{"level":"info","message":"Admin joshi logged in.","timestamp":"2023-12-14T12:18:45.377Z"}
{"level":"info","message":"Admin joshi logged in.","timestamp":"2023-12-14T12:43:43.582Z"}
{"level":"info","message":"Admin joshi logged in.","timestamp":"2023-12-14T14:00:09.675Z"}
{"level":"info","message":"Admin joshi logged in.","timestamp":"2023-12-14T14:18:00.823Z"}
{"level":"info","message":"Admin joshi logged in.","timestamp":"2023-12-14T14:22:45.132Z"}
{"level":"info","message":"Admin joshi logged in.","timestamp":"2023-12-14T14:35:57.443Z"}
{"level":"info","message":"user joshi made an edit on table coMaker","timestamp":"2023-12-14T14:36:35.953Z"}
{"level":"info","message":"user joshi made an edit on table BEdrijven","timestamp":"2023-12-14T14:37:27.306Z"}
{"level":"info","message":"Admin joshi logged in.","timestamp":"2023-12-14T14:38:55.254Z"}
{"level":"info","message":"user joshi made an edit on table BEdrijven","timestamp":"2023-12-14T14:39:02.870Z"}
{"level":"info","message":"Admin joshi logged in.","timestamp":"2023-12-14T14:40:14.567Z"}
{"level":"info","message":"Admin joshi logged in.","timestamp":"2023-12-14T14:40:34.731Z"}
{"level":"info","message":"Admin joshi logged in.","timestamp":"2023-12-14T14:40:42.757Z"}
{"level":"info","message":"Admin joshi logged in.","timestamp":"2023-12-14T14:40:51.003Z"}
{"level":"info","message":"Admin joshi logged in.","timestamp":"2023-12-14T14:43:29.383Z"}
{"level":"info","message":"Admin joshi logged in.","timestamp":"2023-12-14T14:44:19.505Z"}
{"level":"info","message":"Admin joshi logged in.","timestamp":"2023-12-14T14:45:41.446Z"}
{"level":"info","message":"user joshi made an edit on table coMaker","timestamp":"2023-12-14T14:46:08.700Z"}
{"level":"info","message":"Admin joshi logged in.","timestamp":"2023-12-19T14:10:14.625Z"}
{"level":"info","message":"Admin joshi logged in.","timestamp":"2023-12-19T14:10:28.751Z"}
{"level":"info","message":"Admin joshi logged in.","timestamp":"2023-12-19T14:14:14.526Z"}
{"level":"info","message":"Admin joshi logged in.","timestamp":"2023-12-20T12:15:40.058Z"}
{"level":"info","message":"Admin Joshua logged in.","timestamp":"2023-12-20T12:34:13.460Z"}
{"level":"info","message":"Admin Joshua_Beheerder logged in.","timestamp":"2023-12-20T12:34:43.837Z"}
{"level":"info","message":"Admin Joshua_Beheerder logged in.","timestamp":"2023-12-20T12:35:39.850Z"}
{"level":"info","message":"Admin Joshua_Beheerder logged in.","timestamp":"2023-12-20T12:36:13.006Z"}
{"level":"info","message":"Admin Joshua_Beheerder logged in.","timestamp":"2023-12-20T12:36:26.545Z"}
{"level":"info","message":"Admin Joshua_Kabel logged in.","timestamp":"2023-12-20T12:37:31.337Z"}
{"level":"info","message":"Admin Joshua_Beheerder logged in.","timestamp":"2023-12-20T12:37:45.021Z"}
{"level":"info","message":"Admin Joshua_Beheerder logged in.","timestamp":"2023-12-20T12:39:04.059Z"}
{"level":"info","message":"Admin Joshua_Beheerder logged in.","timestamp":"2023-12-20T12:39:24.106Z"}
{"level":"info","message":"Admin Joshua_Beheerder logged in.","timestamp":"2023-12-20T12:40:56.400Z"}
{"level":"info","message":"Admin Joshua_Beheerder logged in.","timestamp":"2023-12-20T12:41:42.925Z"}
{"level":"info","message":"Admin Joshua_Beheerder logged in.","timestamp":"2023-12-20T13:02:01.424Z"}
{"level":"info","message":"Admin joshi logged in.","timestamp":"2023-12-20T13:11:15.729Z"}
{"level":"info","message":"Admin Joshua_Beheerder logged in.","timestamp":"2023-12-20T13:11:24.501Z"}
{"level":"info","message":"Admin Joshua_Beheeder logged in.","timestamp":"2023-12-20T13:12:51.445Z"}
{"level":"info","message":"Admin Joshua_Beheerder logged in.","timestamp":"2023-12-20T13:12:59.963Z"}
{"level":"info","message":"Admin Joshua_Beheerder logged in.","timestamp":"2023-12-20T13:17:22.769Z"}
{"level":"info","message":"Admin Joshua_Beheerder logged in.","timestamp":"2023-12-20T13:26:22.990Z"}
{"level":"info","message":"Admin Joshua_Beheerder logged in.","timestamp":"2023-12-20T13:28:53.633Z"}
{"level":"info","message":"Admin Joshua_Beheerder logged in.","timestamp":"2023-12-20T13:29:15.082Z"}
{"level":"info","message":"Admin Joshua_Beheerder logged in.","timestamp":"2023-12-20T13:31:00.472Z"}
{"level":"info","message":"Admin Joshua_Beheerder logged in.","timestamp":"2023-12-20T13:43:07.521Z"}
{"level":"info","message":"Admin Joshua_Beheerder logged in.","timestamp":"2023-12-20T14:04:47.441Z"}
{"level":"info","message":"Admin Joshua_Beheerder logged in.","timestamp":"2023-12-20T16:23:04.436Z"}
{"level":"info","message":"Admin Joshua_Beheerder logged in.","timestamp":"2023-12-20T16:40:22.168Z"}
{"level":"info","message":"Admin Joshua_Beheerder logged in.","timestamp":"2023-12-20T16:48:26.786Z"}
{"level":"info","message":"Admin Joshua_Beheerder logged in.","timestamp":"2023-12-20T16:51:08.405Z"}
{"level":"info","message":"Admin Joshua_Beheerder logged in.","timestamp":"2023-12-20T16:52:37.010Z"}
{"level":"info","message":"Admin Joshua_Beheerder logged in.","timestamp":"2023-12-21T09:40:52.089Z"}
{"level":"info","message":"Admin Joshua_Beheerder logged in.","timestamp":"2023-12-21T09:41:05.502Z"}
{"level":"info","message":"Admin Joshua_Beheerder logged in.","timestamp":"2023-12-21T10:01:45.827Z"}
{"level":"info","message":"Admin Joshua_Beheerder logged in.","timestamp":"2023-12-21T10:02:38.799Z"}
{"level":"info","message":"Admin Joshua_Beheerder logged in.","timestamp":"2023-12-21T10:04:06.949Z"}
{"level":"info","message":"Admin Joshua_Beheerder logged in.","timestamp":"2023-12-21T10:04:51.532Z"}
{"level":"info","message":"Admin Joshua_Beheerder logged in.","timestamp":"2023-12-21T10:07:24.063Z"}
